<?xml version="1.0" encoding="UTF-8"?>
<testng-results ignored="0" total="1" passed="1" failed="0" skipped="0">
  <reporter-output>
  </reporter-output>
  <suite started-at="2021-12-05T13:29:49 IST" name="Default suite" finished-at="2021-12-05T13:29:49 IST" duration-ms="105">
    <groups>
    </groups>
    <test started-at="2021-12-05T13:29:49 IST" name="Default test" finished-at="2021-12-05T13:29:49 IST" duration-ms="105">
      <class name="com.crm.comcast.genericutility.BaseClass">
        <test-method is-config="true" signature="databaseconnection()[pri:0, instance:com.crm.comcast.genericutility.BaseClass@4b5d6a01]" started-at="2021-12-05T13:29:49 IST" name="databaseconnection" finished-at="2021-12-05T13:29:49 IST" duration-ms="11" status="PASS">
          <reporter-output>
          </reporter-output>
        </test-method> <!-- databaseconnection -->
        <test-method is-config="true" signature="closedatabase()[pri:0, instance:com.crm.comcast.genericutility.BaseClass@4b5d6a01]" started-at="2021-12-05T13:29:50 IST" name="closedatabase" finished-at="2021-12-05T13:29:50 IST" duration-ms="0" status="PASS">
          <reporter-output>
          </reporter-output>
        </test-method> <!-- closedatabase -->
      </class> <!-- com.crm.comcast.genericutility.BaseClass -->
      <class name="com.crm.comcast.genericutility.NewTest">
        <test-method signature="f()[pri:0, instance:com.crm.comcast.genericutility.NewTest@34b7ac2f]" started-at="2021-12-05T13:29:49 IST" name="f" finished-at="2021-12-05T13:29:49 IST" duration-ms="9" status="PASS">
          <reporter-output>
          </reporter-output>
        </test-method> <!-- f -->
      </class> <!-- com.crm.comcast.genericutility.NewTest -->
    </test> <!-- Default test -->
  </suite> <!-- Default suite -->
</testng-results>
